<?xml version="1.0" encoding="UTF-8"?>
<testng-results ignored="0" total="1" passed="1" failed="0" skipped="0">
  <reporter-output>
  </reporter-output>
  <suite started-at="2023-03-10T21:54:46 BDT" name="Default suite" finished-at="2023-03-10T21:55:17 BDT" duration-ms="31610">
    <groups>
    </groups>
    <test started-at="2023-03-10T21:54:46 BDT" name="Default test" finished-at="2023-03-10T21:55:17 BDT" duration-ms="31610">
      <class name="testcases.TestAllPages">
        <test-method is-config="true" signature="setBrowser()[pri:0, instance:testcases.TestAllPages@7e057f43]" started-at="2023-03-10T21:54:40 BDT" name="setBrowser" finished-at="2023-03-10T21:54:46 BDT" duration-ms="5342" status="PASS">
          <reporter-output>
          </reporter-output>
        </test-method> <!-- setBrowser -->
        <test-method signature="TestPages()[pri:0, instance:testcases.TestAllPages@7e057f43]" started-at="2023-03-10T21:54:46 BDT" name="TestPages" finished-at="2023-03-10T21:55:17 BDT" duration-ms="31318" status="PASS">
          <reporter-output>
          </reporter-output>
        </test-method> <!-- TestPages -->
        <test-method is-config="true" signature="quitBrowser()[pri:0, instance:testcases.TestAllPages@7e057f43]" started-at="2023-03-10T21:55:18 BDT" name="quitBrowser" finished-at="2023-03-10T21:55:18 BDT" duration-ms="423" status="PASS">
          <reporter-output>
          </reporter-output>
        </test-method> <!-- quitBrowser -->
      </class> <!-- testcases.TestAllPages -->
    </test> <!-- Default test -->
  </suite> <!-- Default suite -->
</testng-results>
