<?xml version="1.0" encoding="UTF-8"?>
<testng-results ignored="0" total="1" passed="1" failed="0" skipped="0">
  <reporter-output>
  </reporter-output>
  <suite started-at="2023-03-18T01:21:31 BDT" name="Surefire suite" finished-at="2023-03-18T01:22:18 BDT" duration-ms="46790">
    <groups>
    </groups>
    <test started-at="2023-03-18T01:21:31 BDT" name="Surefire test" finished-at="2023-03-18T01:22:18 BDT" duration-ms="46790">
      <class name="testcases.TestAllPages">
        <test-method is-config="true" signature="setBrowser()[pri:0, instance:testcases.TestAllPages@a307a8c]" started-at="2023-03-18T01:21:31 BDT" name="setBrowser" finished-at="2023-03-18T01:21:36 BDT" duration-ms="4145" status="PASS">
          <reporter-output>
          </reporter-output>
        </test-method> <!-- setBrowser -->
        <test-method signature="TestPages()[pri:0, instance:testcases.TestAllPages@a307a8c]" started-at="2023-03-18T01:21:36 BDT" name="TestPages" finished-at="2023-03-18T01:22:17 BDT" duration-ms="41453" status="PASS">
          <reporter-output>
          </reporter-output>
        </test-method> <!-- TestPages -->
        <test-method is-config="true" signature="quitBrowser()[pri:0, instance:testcases.TestAllPages@a307a8c]" started-at="2023-03-18T01:22:17 BDT" name="quitBrowser" finished-at="2023-03-18T01:22:18 BDT" duration-ms="844" status="PASS">
          <reporter-output>
          </reporter-output>
        </test-method> <!-- quitBrowser -->
      </class> <!-- testcases.TestAllPages -->
    </test> <!-- Surefire test -->
  </suite> <!-- Surefire suite -->
</testng-results>
