<?xml version="1.0" encoding="UTF-8"?>
<testng-results ignored="0" total="1" passed="1" failed="0" skipped="0">
  <reporter-output>
  </reporter-output>
  <suite started-at="2023-03-31T21:56:14 BDT" name="Default suite" finished-at="2023-03-31T21:57:16 BDT" duration-ms="61565">
    <groups>
    </groups>
    <test started-at="2023-03-31T21:56:14 BDT" name="Default test" finished-at="2023-03-31T21:57:16 BDT" duration-ms="61565">
      <class name="testcases.TestAllPages">
        <test-method is-config="true" signature="setBrowser()[pri:0, instance:testcases.TestAllPages@359df09a]" started-at="2023-03-31T21:56:14 BDT" name="setBrowser" finished-at="2023-03-31T21:56:20 BDT" duration-ms="5713" status="PASS">
          <reporter-output>
          </reporter-output>
        </test-method> <!-- setBrowser -->
        <test-method signature="TestPages()[pri:0, instance:testcases.TestAllPages@359df09a]" started-at="2023-03-31T21:56:20 BDT" name="TestPages" description="TestPages" finished-at="2023-03-31T21:57:15 BDT" duration-ms="55248" status="PASS">
          <reporter-output>
          </reporter-output>
        </test-method> <!-- TestPages -->
        <test-method is-config="true" signature="quitBrowser()[pri:0, instance:testcases.TestAllPages@359df09a]" started-at="2023-03-31T21:57:15 BDT" name="quitBrowser" finished-at="2023-03-31T21:57:16 BDT" duration-ms="425" status="PASS">
          <reporter-output>
          </reporter-output>
        </test-method> <!-- quitBrowser -->
      </class> <!-- testcases.TestAllPages -->
    </test> <!-- Default test -->
  </suite> <!-- Default suite -->
</testng-results>
